2021-12-17 14:34:42,461 - __main__ - INFO - fetch_public_kb_articles
2021-12-17 14:35:02,308 - __main__ - INFO - ***** public KB articles fetched: 310.0
2021-12-17 14:35:05,256 - __main__ - INFO - *****  public_list size310
2021-12-17 14:35:18,945 - __main__ - INFO - fetch_customer_only_kb_articles
2021-12-17 14:36:45,338 - __main__ - INFO - fetch_public_kb_articles
2021-12-17 14:36:57,688 - __main__ - INFO - ***** public KB articles fetched: 310.0
2021-12-17 14:36:57,688 - __main__ - INFO - *****  public_list size310
2021-12-17 14:37:07,230 - __main__ - INFO - fetch_customer_only_kb_articles
2021-12-17 14:39:32,023 - __main__ - INFO - fetch_public_kb_articles
2021-12-17 14:39:34,392 - __main__ - INFO - ***** public KB articles fetched: 310.0
2021-12-17 14:39:34,392 - __main__ - INFO - *****  public_list size310
2021-12-17 14:39:42,792 - __main__ - INFO - fetch_customer_only_kb_articles
2021-12-17 14:40:16,947 - __main__ - INFO - fetch_public_kb_articles
2021-12-17 14:40:18,955 - __main__ - INFO - ***** public KB articles fetched: 310.0
2021-12-17 14:40:18,956 - __main__ - INFO - *****  public_list size310
2021-12-17 14:40:32,290 - __main__ - INFO - fetch_customer_only_kb_articles
2021-12-17 14:41:20,659 - __main__ - INFO - ***** customer KB articles fetched: 45.0
2021-12-17 14:41:21,795 - __main__ - INFO - *****  customer_list size45
2021-12-17 14:41:41,164 - __main__ - ERROR - name 'false' is not defined
2021-12-17 14:43:22,881 - __main__ - INFO - fetch_public_kb_articles
2021-12-17 14:43:24,793 - __main__ - INFO - ***** public KB articles fetched: 310.0
2021-12-17 14:43:24,794 - __main__ - INFO - *****  public_list size310
2021-12-17 14:43:24,795 - __main__ - INFO - fetch_customer_only_kb_articles
2021-12-17 14:43:49,840 - __main__ - INFO - ***** customer KB articles fetched: 45.0
2021-12-17 14:43:51,095 - __main__ - INFO - *****  customer_list size45
2021-12-17 14:44:20,379 - __main__ - ERROR - name 'false' is not defined
2021-12-17 14:46:09,394 - __main__ - INFO - fetch_public_kb_articles
2021-12-17 14:46:11,310 - __main__ - INFO - ***** public KB articles fetched: 310.0
2021-12-17 14:46:11,310 - __main__ - INFO - *****  public_list size310
2021-12-17 14:46:11,310 - __main__ - INFO - fetch_customer_only_kb_articles
2021-12-17 14:46:11,918 - __main__ - INFO - ***** customer KB articles fetched: 45.0
2021-12-17 14:46:11,918 - __main__ - INFO - *****  customer_list size45
2021-12-17 14:46:33,250 - __main__ - INFO - format_kb_data locked=false
2021-12-17 14:46:57,744 - __main__ - INFO -  temp_list size: 100
2021-12-17 14:46:57,746 - __main__ - INFO -  temp_list size: 100
2021-12-17 14:46:57,748 - __main__ - INFO -  temp_list size: 100
2021-12-17 14:46:57,749 - __main__ - INFO - ***** size of final temp_list: 10
2021-12-17 14:46:57,749 - __main__ - INFO - kb_articles_list length 4
2021-12-17 14:47:00,952 - __main__ - INFO - format_kb_data locked=true
2021-12-17 14:47:00,954 - __main__ - INFO - ***** size of final temp_list: 45
2021-12-17 14:47:00,954 - __main__ - INFO - kb_articles_list length 1
2021-12-17 14:48:26,641 - __main__ - INFO - fetch_public_kb_articles
2021-12-17 14:48:28,588 - __main__ - INFO - ***** public KB articles fetched: 310.0
2021-12-17 14:48:28,588 - __main__ - INFO - *****  public_list size310
2021-12-17 14:48:28,588 - __main__ - INFO - fetch_customer_only_kb_articles
2021-12-17 14:48:29,135 - __main__ - INFO - ***** customer KB articles fetched: 45.0
2021-12-17 14:48:29,135 - __main__ - INFO - *****  customer_list size45
2021-12-17 14:49:45,194 - __main__ - INFO - fetch_public_kb_articles
2021-12-17 14:49:47,058 - __main__ - INFO - ***** public KB articles fetched: 310.0
2021-12-17 14:49:47,059 - __main__ - INFO - *****  public_list size310
2021-12-17 14:49:47,059 - __main__ - INFO - fetch_customer_only_kb_articles
2021-12-17 14:49:47,508 - __main__ - INFO - ***** customer KB articles fetched: 45.0
2021-12-17 14:49:47,508 - __main__ - INFO - *****  customer_list size45
2021-12-17 14:50:00,745 - __main__ - INFO - format_kb_data locked=false
2021-12-17 14:50:00,748 - __main__ - INFO -  temp_list size: 100
2021-12-17 14:50:00,750 - __main__ - INFO -  temp_list size: 100
2021-12-17 14:50:00,752 - __main__ - INFO -  temp_list size: 100
2021-12-17 14:50:00,753 - __main__ - INFO - ***** size of final temp_list: 10
2021-12-17 14:50:00,753 - __main__ - INFO - kb_articles_list length 4
2021-12-17 14:50:07,176 - __main__ - INFO - format_kb_data locked=true
2021-12-17 14:50:07,178 - __main__ - INFO - ***** size of final temp_list: 45
2021-12-17 14:50:07,178 - __main__ - INFO - kb_articles_list length 1
2021-12-17 14:54:49,344 - __main__ - INFO - fetch_public_kb_articles
2021-12-17 14:54:51,361 - __main__ - INFO - ***** public KB articles fetched: 310.0
2021-12-17 14:54:51,361 - __main__ - INFO - *****  public_list size310
2021-12-17 14:54:51,361 - __main__ - INFO - fetch_customer_only_kb_articles
2021-12-17 14:54:51,815 - __main__ - INFO - ***** customer KB articles fetched: 45.0
2021-12-17 14:54:51,816 - __main__ - INFO - *****  customer_list size45
2021-12-17 14:54:57,640 - __main__ - INFO - format_kb_data locked=false
2021-12-17 14:55:01,218 - __main__ - INFO -  temp_list size: 100
2021-12-17 14:55:01,219 - __main__ - INFO -  temp_list size: 100
2021-12-17 14:55:01,220 - __main__ - INFO -  temp_list size: 100
2021-12-17 14:55:01,220 - __main__ - INFO - ***** size of final temp_list: 10
2021-12-17 14:55:01,220 - __main__ - INFO - kb_articles_list length 4
2021-12-17 14:55:06,959 - __main__ - INFO - format_kb_data locked=true
2021-12-17 14:55:06,960 - __main__ - INFO - ***** size of final temp_list: 45
2021-12-17 14:55:06,960 - __main__ - INFO - kb_articles_list length 1
2021-12-17 14:55:09,103 - __main__ - INFO - push_kb_to_elastic
2021-12-17 14:55:09,104 - __main__ - INFO -  posting to engine: test-kb-locked
2021-12-17 14:55:09,104 - __main__ - INFO -  list_entry size: 100
2021-12-17 14:55:10,092 - __main__ - INFO -  list_entry size: 100
2021-12-17 14:55:10,504 - __main__ - INFO -  list_entry size: 100
2021-12-17 14:55:10,901 - __main__ - INFO -  list_entry size: 10
2021-12-17 14:55:25,960 - __main__ - INFO - push_kb_to_elastic
2021-12-17 14:55:25,960 - __main__ - INFO -  posting to engine: test-kb-locked
2021-12-17 14:55:25,961 - __main__ - INFO -  list_entry size: 45
2021-12-17 14:55:30,861 - __main__ - INFO - ***** job finish *****
2021-12-17 14:57:35,745 - __main__ - INFO - fetch_public_kb_articles
2021-12-17 14:57:37,644 - __main__ - INFO - ***** public KB articles fetched: 310.0
2021-12-17 14:57:37,644 - __main__ - INFO - *****  public_list size310
2021-12-17 14:57:37,644 - __main__ - INFO - fetch_customer_only_kb_articles
2021-12-17 14:57:38,087 - __main__ - INFO - ***** customer KB articles fetched: 45.0
2021-12-17 14:57:38,087 - __main__ - INFO - *****  customer_list size45
2021-12-17 14:57:38,087 - __main__ - INFO - format_kb_data locked=false
2021-12-17 14:57:38,087 - __main__ - INFO -  temp_list size: 100
2021-12-17 14:57:38,088 - __main__ - INFO -  temp_list size: 100
2021-12-17 14:57:38,088 - __main__ - INFO -  temp_list size: 100
2021-12-17 14:57:38,088 - __main__ - INFO - ***** size of final temp_list: 10
2021-12-17 14:57:38,088 - __main__ - INFO - kb_articles_list length 4
2021-12-17 14:57:38,088 - __main__ - INFO - format_kb_data locked=true
2021-12-17 14:57:38,088 - __main__ - INFO - ***** size of final temp_list: 45
2021-12-17 14:57:38,088 - __main__ - INFO - kb_articles_list length 1
2021-12-17 14:57:38,089 - __main__ - INFO - push_kb_to_elastic
2021-12-17 14:57:38,089 - __main__ - INFO -  posting to engine: support-site
2021-12-17 14:57:38,089 - __main__ - INFO -  list_entry size: 100
2021-12-17 14:57:38,818 - __main__ - INFO -  list_entry size: 100
2021-12-17 14:57:39,306 - __main__ - INFO -  list_entry size: 100
2021-12-17 14:57:39,705 - __main__ - INFO -  list_entry size: 10
2021-12-17 14:57:39,924 - __main__ - INFO - push_kb_to_elastic
2021-12-17 14:57:39,924 - __main__ - INFO -  posting to engine: support-site
2021-12-17 14:57:39,924 - __main__ - INFO -  list_entry size: 45
2021-12-17 14:57:40,302 - __main__ - INFO - ***** job finish *****
2021-12-20 11:26:05,691 - __main__ - INFO - fetch_public_kb_articles
2021-12-20 11:26:07,876 - __main__ - INFO - ***** public KB articles fetched: 310.0
2021-12-20 11:26:07,876 - __main__ - INFO - *****  public_list size310
2021-12-20 11:26:07,876 - __main__ - INFO - fetch_customer_only_kb_articles
2021-12-20 11:26:08,361 - __main__ - INFO - ***** customer KB articles fetched: 45.0
2021-12-20 11:26:08,361 - __main__ - INFO - *****  customer_list size45
2021-12-20 11:26:08,361 - __main__ - INFO - format_kb_data locked=false
2021-12-20 11:26:08,362 - __main__ - INFO -  temp_list size: 100
2021-12-20 11:26:08,362 - __main__ - INFO -  temp_list size: 100
2021-12-20 11:26:08,362 - __main__ - INFO -  temp_list size: 100
2021-12-20 11:26:08,362 - __main__ - INFO - ***** size of final temp_list: 10
2021-12-20 11:26:08,362 - __main__ - INFO - kb_articles_list length 4
2021-12-20 11:26:08,362 - __main__ - INFO - format_kb_data locked=true
2021-12-20 11:26:08,363 - __main__ - INFO - ***** size of final temp_list: 45
2021-12-20 11:26:08,363 - __main__ - INFO - kb_articles_list length 1
2021-12-20 11:26:08,363 - __main__ - INFO - push_kb_to_elastic
2021-12-20 11:26:08,363 - __main__ - INFO -  posting to engine: support-site
2021-12-20 11:26:08,363 - __main__ - INFO -  list_entry size: 100
2021-12-20 11:26:09,012 - __main__ - INFO -  list_entry size: 100
2021-12-20 11:26:09,399 - __main__ - INFO -  list_entry size: 100
2021-12-20 11:26:09,795 - __main__ - INFO -  list_entry size: 10
2021-12-20 11:26:09,932 - __main__ - INFO - push_kb_to_elastic
2021-12-20 11:26:09,933 - __main__ - INFO -  posting to engine: support-site
2021-12-20 11:26:09,933 - __main__ - INFO -  list_entry size: 45
2021-12-20 11:26:10,294 - __main__ - INFO - ***** job finish *****
2022-01-03 11:00:22,365 - __main__ - INFO - fetch_public_kb_articles
2022-01-03 11:00:24,480 - __main__ - INFO - ***** public KB articles fetched: 313.0
2022-01-03 11:00:24,481 - __main__ - INFO - *****  public_list size313
2022-01-03 11:00:24,481 - __main__ - INFO - fetch_customer_only_kb_articles
2022-01-03 11:00:25,083 - __main__ - INFO - ***** customer KB articles fetched: 45.0
2022-01-03 11:00:25,084 - __main__ - INFO - *****  customer_list size45
2022-01-03 11:00:25,084 - __main__ - INFO - format_kb_data locked=false
2022-01-03 11:00:25,084 - __main__ - INFO -  temp_list size: 100
2022-01-03 11:00:25,084 - __main__ - INFO -  temp_list size: 100
2022-01-03 11:00:25,084 - __main__ - INFO -  temp_list size: 100
2022-01-03 11:00:25,085 - __main__ - INFO - ***** size of final temp_list: 13
2022-01-03 11:00:25,085 - __main__ - INFO - kb_articles_list length 4
2022-01-03 11:00:25,085 - __main__ - INFO - format_kb_data locked=true
2022-01-03 11:00:25,085 - __main__ - INFO - ***** size of final temp_list: 45
2022-01-03 11:00:25,085 - __main__ - INFO - kb_articles_list length 1
2022-01-03 11:00:25,085 - __main__ - INFO - push_kb_to_elastic
2022-01-03 11:00:25,086 - __main__ - INFO -  posting to engine: support-site
2022-01-03 11:00:25,086 - __main__ - INFO -  list_entry size: 100
2022-01-03 11:00:25,690 - __main__ - INFO -  list_entry size: 100
2022-01-03 11:00:26,012 - __main__ - INFO -  list_entry size: 100
2022-01-03 11:00:26,259 - __main__ - INFO -  list_entry size: 13
2022-01-03 11:00:26,360 - __main__ - INFO - push_kb_to_elastic
2022-01-03 11:00:26,360 - __main__ - INFO -  posting to engine: support-site
2022-01-03 11:00:26,361 - __main__ - INFO -  list_entry size: 45
2022-01-03 11:00:26,690 - __main__ - INFO - ***** job finish *****
2022-01-26 12:41:17,962 - __main__ - INFO - fetch_public_kb_articles
2022-01-26 12:41:20,214 - __main__ - INFO - ***** public KB articles fetched: 325.0
2022-01-26 12:41:20,214 - __main__ - INFO - *****  public_list size325
2022-01-26 12:41:20,214 - __main__ - INFO - fetch_customer_only_kb_articles
2022-01-26 12:41:20,969 - __main__ - INFO - ***** customer KB articles fetched: 48.0
2022-01-26 12:41:20,969 - __main__ - INFO - *****  customer_list size48
2022-01-26 12:41:20,969 - __main__ - INFO - format_kb_data locked=false
2022-01-26 12:41:20,969 - __main__ - INFO -  temp_list size: 100
2022-01-26 12:41:20,969 - __main__ - INFO -  temp_list size: 100
2022-01-26 12:41:20,969 - __main__ - INFO -  temp_list size: 100
2022-01-26 12:41:20,970 - __main__ - INFO - ***** size of final temp_list: 25
2022-01-26 12:41:20,970 - __main__ - INFO - kb_articles_list length 4
2022-01-26 12:41:20,970 - __main__ - INFO - format_kb_data locked=true
2022-01-26 12:41:20,970 - __main__ - INFO - ***** size of final temp_list: 48
2022-01-26 12:41:20,970 - __main__ - INFO - kb_articles_list length 1
2022-01-26 12:41:20,970 - __main__ - INFO - push_kb_to_elastic
2022-01-26 12:41:20,970 - __main__ - INFO -  posting to engine: support-site
2022-01-26 12:41:20,970 - __main__ - INFO -  list_entry size: 100
2022-01-26 12:41:21,486 - __main__ - INFO -  list_entry size: 100
2022-01-26 12:41:21,837 - __main__ - INFO -  list_entry size: 100
2022-01-26 12:41:22,149 - __main__ - INFO -  list_entry size: 25
2022-01-26 12:41:22,426 - __main__ - INFO - push_kb_to_elastic
2022-01-26 12:41:22,427 - __main__ - INFO -  posting to engine: support-site
2022-01-26 12:41:22,427 - __main__ - INFO -  list_entry size: 48
2022-01-26 12:41:22,834 - __main__ - INFO - ***** job finish *****
2022-01-31 09:54:41,101 - __main__ - INFO - fetch_public_kb_articles
2022-01-31 09:54:43,228 - __main__ - INFO - ***** public KB articles fetched: 325.0
2022-01-31 09:54:43,228 - __main__ - INFO - *****  public_list size325
2022-01-31 09:54:43,228 - __main__ - INFO - fetch_customer_only_kb_articles
2022-01-31 09:54:43,722 - __main__ - INFO - ***** customer KB articles fetched: 48.0
2022-01-31 09:54:43,722 - __main__ - INFO - *****  customer_list size48
2022-01-31 09:54:43,722 - __main__ - INFO - format_kb_data locked=false
2022-01-31 09:54:43,722 - __main__ - INFO -  temp_list size: 100
2022-01-31 09:54:43,723 - __main__ - INFO -  temp_list size: 100
2022-01-31 09:54:43,723 - __main__ - INFO -  temp_list size: 100
2022-01-31 09:54:43,723 - __main__ - INFO - ***** size of final temp_list: 25
2022-01-31 09:54:43,723 - __main__ - INFO - kb_articles_list length 4
2022-01-31 09:54:43,723 - __main__ - INFO - format_kb_data locked=true
2022-01-31 09:54:43,723 - __main__ - INFO - ***** size of final temp_list: 48
2022-01-31 09:54:43,723 - __main__ - INFO - kb_articles_list length 1
2022-01-31 09:54:43,723 - __main__ - INFO - push_kb_to_elastic
2022-01-31 09:54:43,724 - __main__ - INFO -  posting to engine: support-site
2022-01-31 09:54:43,724 - __main__ - INFO -  list_entry size: 100
2022-01-31 09:54:44,183 - __main__ - INFO -  list_entry size: 100
2022-01-31 09:54:44,411 - __main__ - INFO -  list_entry size: 100
2022-01-31 09:54:44,628 - __main__ - INFO -  list_entry size: 25
2022-01-31 09:54:44,743 - __main__ - INFO - push_kb_to_elastic
2022-01-31 09:54:44,744 - __main__ - INFO -  posting to engine: support-site
2022-01-31 09:54:44,744 - __main__ - INFO -  list_entry size: 48
2022-01-31 09:54:45,039 - __main__ - INFO - ***** job finish *****
2022-02-04 11:53:54,024 - __main__ - INFO - fetch_public_kb_articles
2022-02-04 11:53:56,078 - __main__ - INFO - ***** public KB articles fetched: 328.0
2022-02-04 11:53:56,078 - __main__ - INFO - *****  public_list size328
2022-02-04 11:53:56,078 - __main__ - INFO - fetch_customer_only_kb_articles
2022-02-04 11:53:56,670 - __main__ - INFO - ***** customer KB articles fetched: 49.0
2022-02-04 11:53:56,670 - __main__ - INFO - *****  customer_list size49
2022-02-04 11:53:56,670 - __main__ - INFO - format_kb_data locked=false
2022-02-04 11:53:56,670 - __main__ - INFO -  temp_list size: 100
2022-02-04 11:53:56,671 - __main__ - INFO -  temp_list size: 100
2022-02-04 11:53:56,671 - __main__ - INFO -  temp_list size: 100
2022-02-04 11:53:56,671 - __main__ - INFO - ***** size of final temp_list: 28
2022-02-04 11:53:56,671 - __main__ - INFO - kb_articles_list length 4
2022-02-04 11:53:56,671 - __main__ - INFO - format_kb_data locked=true
2022-02-04 11:53:56,671 - __main__ - INFO - ***** size of final temp_list: 49
2022-02-04 11:53:56,672 - __main__ - INFO - kb_articles_list length 1
2022-02-04 11:53:56,672 - __main__ - INFO - push_kb_to_elastic
2022-02-04 11:53:56,672 - __main__ - INFO -  posting to engine: support-site
2022-02-04 11:53:56,672 - __main__ - INFO -  list_entry size: 100
2022-02-04 11:53:57,128 - __main__ - INFO -  list_entry size: 100
2022-02-04 11:53:57,346 - __main__ - INFO -  list_entry size: 100
2022-02-04 11:53:57,568 - __main__ - INFO -  list_entry size: 28
2022-02-04 11:53:57,706 - __main__ - INFO - push_kb_to_elastic
2022-02-04 11:53:57,707 - __main__ - INFO -  posting to engine: support-site
2022-02-04 11:53:57,707 - __main__ - INFO -  list_entry size: 49
2022-02-04 11:53:57,983 - __main__ - INFO - ***** job finish *****
2022-02-07 11:18:38,988 - __main__ - INFO - fetch_public_kb_articles
2022-02-07 11:18:41,312 - __main__ - INFO - ***** public KB articles fetched: 328.0
2022-02-07 11:18:41,312 - __main__ - INFO - *****  public_list size328
2022-02-07 11:18:41,312 - __main__ - INFO - fetch_customer_only_kb_articles
2022-02-07 11:18:41,824 - __main__ - INFO - ***** customer KB articles fetched: 49.0
2022-02-07 11:18:41,825 - __main__ - INFO - *****  customer_list size49
2022-02-07 11:18:41,825 - __main__ - INFO - format_kb_data locked=false
2022-02-07 11:18:41,825 - __main__ - INFO -  temp_list size: 100
2022-02-07 11:18:41,825 - __main__ - INFO -  temp_list size: 100
2022-02-07 11:18:41,825 - __main__ - INFO -  temp_list size: 100
2022-02-07 11:18:41,825 - __main__ - INFO - ***** size of final temp_list: 28
2022-02-07 11:18:41,825 - __main__ - INFO - kb_articles_list length 4
2022-02-07 11:18:41,826 - __main__ - INFO - format_kb_data locked=true
2022-02-07 11:18:41,826 - __main__ - INFO - ***** size of final temp_list: 49
2022-02-07 11:18:41,826 - __main__ - INFO - kb_articles_list length 1
2022-02-07 11:18:41,826 - __main__ - INFO - push_kb_to_elastic
2022-02-07 11:18:41,826 - __main__ - INFO -  posting to engine: support-site
2022-02-07 11:18:41,826 - __main__ - INFO -  list_entry size: 100
2022-02-07 11:18:42,308 - __main__ - INFO -  list_entry size: 100
2022-02-07 11:18:42,537 - __main__ - INFO -  list_entry size: 100
2022-02-07 11:18:42,797 - __main__ - INFO -  list_entry size: 28
2022-02-07 11:18:42,915 - __main__ - INFO - push_kb_to_elastic
2022-02-07 11:18:42,916 - __main__ - INFO -  posting to engine: support-site
2022-02-07 11:18:42,916 - __main__ - INFO -  list_entry size: 49
2022-02-07 11:18:43,199 - __main__ - INFO - ***** job finish *****
2022-02-11 09:53:36,118 - __main__ - INFO - fetch_public_kb_articles
2022-02-11 09:53:38,677 - __main__ - INFO - ***** public KB articles fetched: 328.0
2022-02-11 09:53:38,677 - __main__ - INFO - *****  public_list size328
2022-02-11 09:53:38,677 - __main__ - INFO - fetch_customer_only_kb_articles
2022-02-11 09:53:40,078 - __main__ - INFO - ***** customer KB articles fetched: 49.0
2022-02-11 09:53:40,079 - __main__ - INFO - *****  customer_list size49
2022-02-11 09:53:40,079 - __main__ - INFO - format_kb_data locked=false
2022-02-11 09:53:40,079 - __main__ - INFO -  temp_list size: 100
2022-02-11 09:53:40,079 - __main__ - INFO -  temp_list size: 100
2022-02-11 09:53:40,079 - __main__ - INFO -  temp_list size: 100
2022-02-11 09:53:40,080 - __main__ - INFO - ***** size of final temp_list: 28
2022-02-11 09:53:40,080 - __main__ - INFO - kb_articles_list length 4
2022-02-11 09:53:40,080 - __main__ - INFO - format_kb_data locked=true
2022-02-11 09:53:40,080 - __main__ - INFO - ***** size of final temp_list: 49
2022-02-11 09:53:40,080 - __main__ - INFO - kb_articles_list length 1
2022-02-11 09:53:40,080 - __main__ - INFO - push_kb_to_elastic
2022-02-11 09:53:40,081 - __main__ - INFO -  posting to engine: support-site
2022-02-11 09:53:40,081 - __main__ - INFO -  list_entry size: 100
2022-02-11 09:53:40,608 - __main__ - INFO -  list_entry size: 100
2022-02-11 09:53:40,869 - __main__ - INFO -  list_entry size: 100
2022-02-11 09:53:41,168 - __main__ - INFO -  list_entry size: 28
2022-02-11 09:53:41,297 - __main__ - INFO - push_kb_to_elastic
2022-02-11 09:53:41,298 - __main__ - INFO -  posting to engine: support-site
2022-02-11 09:53:41,298 - __main__ - INFO -  list_entry size: 49
2022-02-11 09:53:41,584 - __main__ - INFO - ***** job finish *****
2022-02-14 11:14:00,306 - __main__ - INFO - fetch_public_kb_articles
2022-02-14 11:14:03,103 - __main__ - INFO - ***** public KB articles fetched: 331.0
2022-02-14 11:14:03,103 - __main__ - INFO - *****  public_list size331
2022-02-14 11:14:03,103 - __main__ - INFO - fetch_customer_only_kb_articles
2022-02-14 11:14:03,631 - __main__ - INFO - ***** customer KB articles fetched: 49.0
2022-02-14 11:14:03,632 - __main__ - INFO - *****  customer_list size49
2022-02-14 11:14:03,632 - __main__ - INFO - format_kb_data locked=false
2022-02-14 11:14:03,632 - __main__ - INFO -  temp_list size: 100
2022-02-14 11:14:03,632 - __main__ - INFO -  temp_list size: 100
2022-02-14 11:14:03,632 - __main__ - INFO -  temp_list size: 100
2022-02-14 11:14:03,633 - __main__ - INFO - ***** size of final temp_list: 31
2022-02-14 11:14:03,633 - __main__ - INFO - kb_articles_list length 4
2022-02-14 11:14:03,633 - __main__ - INFO - format_kb_data locked=true
2022-02-14 11:14:03,633 - __main__ - INFO - ***** size of final temp_list: 49
2022-02-14 11:14:03,633 - __main__ - INFO - kb_articles_list length 1
2022-02-14 11:14:03,633 - __main__ - INFO - push_kb_to_elastic
2022-02-14 11:14:03,633 - __main__ - INFO -  posting to engine: support-site
2022-02-14 11:14:03,633 - __main__ - INFO -  list_entry size: 100
2022-02-14 11:14:04,101 - __main__ - INFO -  list_entry size: 100
2022-02-14 11:14:04,342 - __main__ - INFO -  list_entry size: 100
2022-02-14 11:14:04,677 - __main__ - INFO -  list_entry size: 31
2022-02-14 11:14:04,809 - __main__ - INFO - push_kb_to_elastic
2022-02-14 11:14:04,810 - __main__ - INFO -  posting to engine: support-site
2022-02-14 11:14:04,810 - __main__ - INFO -  list_entry size: 49
2022-02-14 11:14:05,106 - __main__ - INFO - ***** job finish *****
2022-02-17 09:56:17,892 - __main__ - INFO - fetch_public_kb_articles
2022-02-17 09:56:20,030 - __main__ - INFO - ***** public KB articles fetched: 335.0
2022-02-17 09:56:20,030 - __main__ - INFO - *****  public_list size335
2022-02-17 09:56:20,030 - __main__ - INFO - fetch_customer_only_kb_articles
2022-02-17 09:56:20,542 - __main__ - INFO - ***** customer KB articles fetched: 49.0
2022-02-17 09:56:20,542 - __main__ - INFO - *****  customer_list size49
2022-02-17 09:56:20,542 - __main__ - INFO - format_kb_data locked=false
2022-02-17 09:56:20,542 - __main__ - INFO -  temp_list size: 100
2022-02-17 09:56:20,542 - __main__ - INFO -  temp_list size: 100
2022-02-17 09:56:20,543 - __main__ - INFO -  temp_list size: 100
2022-02-17 09:56:20,543 - __main__ - INFO - ***** size of final temp_list: 35
2022-02-17 09:56:20,543 - __main__ - INFO - kb_articles_list length 4
2022-02-17 09:56:20,543 - __main__ - INFO - format_kb_data locked=true
2022-02-17 09:56:20,543 - __main__ - INFO - ***** size of final temp_list: 49
2022-02-17 09:56:20,543 - __main__ - INFO - kb_articles_list length 1
2022-02-17 09:56:20,543 - __main__ - INFO - push_kb_to_elastic
2022-02-17 09:56:20,544 - __main__ - INFO -  posting to engine: support-site
2022-02-17 09:56:20,544 - __main__ - INFO -  list_entry size: 100
2022-02-17 09:56:20,998 - __main__ - INFO -  list_entry size: 100
2022-02-17 09:56:21,219 - __main__ - INFO -  list_entry size: 100
2022-02-17 09:56:21,457 - __main__ - INFO -  list_entry size: 35
2022-02-17 09:56:21,593 - __main__ - INFO - push_kb_to_elastic
2022-02-17 09:56:21,594 - __main__ - INFO -  posting to engine: support-site
2022-02-17 09:56:21,594 - __main__ - INFO -  list_entry size: 49
2022-02-17 09:56:21,901 - __main__ - INFO - ***** job finish *****
2022-02-23 17:29:41,282 - __main__ - INFO - fetch_public_kb_articles
2022-02-23 17:29:43,439 - __main__ - INFO - ***** public KB articles fetched: 337.0
2022-02-23 17:29:43,439 - __main__ - INFO - *****  public_list size337
2022-02-23 17:29:43,439 - __main__ - INFO - fetch_customer_only_kb_articles
2022-02-23 17:29:43,909 - __main__ - INFO - ***** customer KB articles fetched: 49.0
2022-02-23 17:29:43,909 - __main__ - INFO - *****  customer_list size49
2022-02-23 17:29:43,910 - __main__ - INFO - format_kb_data locked=false
2022-02-23 17:29:43,910 - __main__ - INFO -  temp_list size: 100
2022-02-23 17:29:43,910 - __main__ - INFO -  temp_list size: 100
2022-02-23 17:29:43,910 - __main__ - INFO -  temp_list size: 100
2022-02-23 17:29:43,910 - __main__ - INFO - ***** size of final temp_list: 37
2022-02-23 17:29:43,910 - __main__ - INFO - kb_articles_list length 4
2022-02-23 17:29:43,911 - __main__ - INFO - format_kb_data locked=true
2022-02-23 17:29:43,911 - __main__ - INFO - ***** size of final temp_list: 49
2022-02-23 17:29:43,911 - __main__ - INFO - kb_articles_list length 1
2022-02-23 17:29:43,911 - __main__ - INFO - push_kb_to_elastic
2022-02-23 17:29:43,911 - __main__ - INFO -  posting to engine: support-site
2022-02-23 17:29:43,911 - __main__ - INFO -  list_entry size: 100
2022-02-23 17:29:44,351 - __main__ - INFO -  list_entry size: 100
2022-02-23 17:29:44,606 - __main__ - INFO -  list_entry size: 100
2022-02-23 17:29:44,860 - __main__ - INFO -  list_entry size: 37
2022-02-23 17:29:44,987 - __main__ - INFO - push_kb_to_elastic
2022-02-23 17:29:44,988 - __main__ - INFO -  posting to engine: support-site
2022-02-23 17:29:44,988 - __main__ - INFO -  list_entry size: 49
2022-02-23 17:29:45,287 - __main__ - INFO - ***** job finish *****
2022-03-04 09:11:50,307 - __main__ - INFO - fetch_public_kb_articles
2022-03-04 09:11:52,521 - __main__ - INFO - ***** public KB articles fetched: 339.0
2022-03-04 09:11:52,521 - __main__ - INFO - *****  public_list size339
2022-03-04 09:11:52,522 - __main__ - INFO - fetch_customer_only_kb_articles
2022-03-04 09:11:53,332 - __main__ - INFO - ***** customer KB articles fetched: 49.0
2022-03-04 09:11:53,332 - __main__ - INFO - *****  customer_list size49
2022-03-04 09:11:53,332 - __main__ - INFO - format_kb_data locked=false
2022-03-04 09:11:53,333 - __main__ - INFO -  temp_list size: 100
2022-03-04 09:11:53,333 - __main__ - INFO -  temp_list size: 100
2022-03-04 09:11:53,333 - __main__ - INFO -  temp_list size: 100
2022-03-04 09:11:53,333 - __main__ - INFO - ***** size of final temp_list: 39
2022-03-04 09:11:53,333 - __main__ - INFO - kb_articles_list length 4
2022-03-04 09:11:53,334 - __main__ - INFO - format_kb_data locked=true
2022-03-04 09:11:53,334 - __main__ - INFO - ***** size of final temp_list: 49
2022-03-04 09:11:53,334 - __main__ - INFO - kb_articles_list length 1
2022-03-04 09:11:53,334 - __main__ - INFO - push_kb_to_elastic
2022-03-04 09:11:53,334 - __main__ - INFO -  posting to engine: support-site
2022-03-04 09:11:53,334 - __main__ - INFO -  list_entry size: 100
2022-03-04 09:11:53,831 - __main__ - INFO -  list_entry size: 100
2022-03-04 09:11:54,119 - __main__ - INFO -  list_entry size: 100
2022-03-04 09:11:54,353 - __main__ - INFO -  list_entry size: 39
2022-03-04 09:11:54,518 - __main__ - INFO - push_kb_to_elastic
2022-03-04 09:11:54,519 - __main__ - INFO -  posting to engine: support-site
2022-03-04 09:11:54,519 - __main__ - INFO -  list_entry size: 49
2022-03-04 09:11:54,843 - __main__ - INFO - ***** job finish *****
2022-03-07 12:48:45,681 - __main__ - INFO - fetch_public_kb_articles
2022-03-07 12:48:47,573 - __main__ - INFO - ***** public KB articles fetched: 339.0
2022-03-07 12:48:47,573 - __main__ - INFO - *****  public_list size339
2022-03-07 12:48:47,573 - __main__ - INFO - fetch_customer_only_kb_articles
2022-03-07 12:48:48,021 - __main__ - INFO - ***** customer KB articles fetched: 49.0
2022-03-07 12:48:48,021 - __main__ - INFO - *****  customer_list size49
2022-03-07 12:48:48,021 - __main__ - INFO - format_kb_data locked=false
2022-03-07 12:48:48,021 - __main__ - INFO -  temp_list size: 100
2022-03-07 12:48:48,021 - __main__ - INFO -  temp_list size: 100
2022-03-07 12:48:48,021 - __main__ - INFO -  temp_list size: 100
2022-03-07 12:48:48,021 - __main__ - INFO - ***** size of final temp_list: 39
2022-03-07 12:48:48,022 - __main__ - INFO - kb_articles_list length 4
2022-03-07 12:48:48,022 - __main__ - INFO - format_kb_data locked=true
2022-03-07 12:48:48,022 - __main__ - INFO - ***** size of final temp_list: 49
2022-03-07 12:48:48,022 - __main__ - INFO - kb_articles_list length 1
2022-03-07 12:48:48,022 - __main__ - INFO - push_kb_to_elastic
2022-03-07 12:48:48,022 - __main__ - INFO -  posting to engine: support-site
2022-03-07 12:48:48,022 - __main__ - INFO -  list_entry size: 100
2022-03-07 12:48:48,552 - __main__ - INFO -  list_entry size: 100
2022-03-07 12:48:48,864 - __main__ - INFO -  list_entry size: 100
2022-03-07 12:48:49,256 - __main__ - INFO -  list_entry size: 39
2022-03-07 12:48:49,443 - __main__ - INFO - push_kb_to_elastic
2022-03-07 12:48:49,443 - __main__ - INFO -  posting to engine: support-site
2022-03-07 12:48:49,443 - __main__ - INFO -  list_entry size: 49
2022-03-07 12:48:49,848 - __main__ - INFO - ***** job finish *****
2022-03-25 13:14:54,795 - __main__ - INFO - fetch_public_kb_articles
2022-03-25 13:14:57,575 - __main__ - INFO - ***** public KB articles fetched: 343.0
2022-03-25 13:14:57,575 - __main__ - INFO - *****  public_list size343
2022-03-25 13:14:57,575 - __main__ - INFO - fetch_customer_only_kb_articles
2022-03-25 13:14:58,588 - __main__ - INFO - ***** customer KB articles fetched: 51.0
2022-03-25 13:14:58,588 - __main__ - INFO - *****  customer_list size51
2022-03-25 13:14:58,589 - __main__ - INFO - format_kb_data locked=false
2022-03-25 13:14:58,589 - __main__ - INFO -  temp_list size: 100
2022-03-25 13:14:58,589 - __main__ - INFO -  temp_list size: 100
2022-03-25 13:14:58,589 - __main__ - INFO -  temp_list size: 100
2022-03-25 13:14:58,589 - __main__ - INFO - ***** size of final temp_list: 43
2022-03-25 13:14:58,590 - __main__ - INFO - kb_articles_list length 4
2022-03-25 13:14:58,590 - __main__ - INFO - format_kb_data locked=true
2022-03-25 13:14:58,590 - __main__ - INFO - ***** size of final temp_list: 51
2022-03-25 13:14:58,590 - __main__ - INFO - kb_articles_list length 1
2022-03-25 13:14:58,590 - __main__ - INFO - push_kb_to_elastic
2022-03-25 13:14:58,590 - __main__ - INFO -  posting to engine: support-site
2022-03-25 13:14:58,590 - __main__ - INFO -  list_entry size: 100
2022-03-25 13:14:59,056 - __main__ - INFO -  list_entry size: 100
2022-03-25 13:14:59,285 - __main__ - INFO -  list_entry size: 100
2022-03-25 13:14:59,502 - __main__ - INFO -  list_entry size: 43
2022-03-25 13:14:59,636 - __main__ - INFO - push_kb_to_elastic
2022-03-25 13:14:59,637 - __main__ - INFO -  posting to engine: support-site
2022-03-25 13:14:59,637 - __main__ - INFO -  list_entry size: 51
2022-03-25 13:14:59,936 - __main__ - INFO - ***** job finish *****
2022-03-25 15:08:08,256 - __main__ - INFO - fetch_public_kb_articles
2022-03-25 15:08:11,303 - __main__ - INFO - ***** public KB articles fetched: 343.0
2022-03-25 15:08:11,303 - __main__ - INFO - *****  public_list size343
2022-03-25 15:08:11,303 - __main__ - INFO - fetch_customer_only_kb_articles
2022-03-25 15:08:12,225 - __main__ - INFO - ***** customer KB articles fetched: 51.0
2022-03-25 15:08:12,226 - __main__ - INFO - *****  customer_list size51
2022-03-25 15:08:12,226 - __main__ - INFO - format_kb_data locked=false
2022-03-25 15:08:12,226 - __main__ - INFO -  temp_list size: 100
2022-03-25 15:08:12,226 - __main__ - INFO -  temp_list size: 100
2022-03-25 15:08:12,227 - __main__ - INFO -  temp_list size: 100
2022-03-25 15:08:12,227 - __main__ - INFO - ***** size of final temp_list: 43
2022-03-25 15:08:12,227 - __main__ - INFO - kb_articles_list length 4
2022-03-25 15:08:12,227 - __main__ - INFO - format_kb_data locked=true
2022-03-25 15:08:12,227 - __main__ - INFO - ***** size of final temp_list: 51
2022-03-25 15:08:12,227 - __main__ - INFO - kb_articles_list length 1
2022-03-25 15:08:12,227 - __main__ - INFO - push_kb_to_elastic
2022-03-25 15:08:12,228 - __main__ - INFO -  posting to engine: support-site
2022-03-25 15:08:12,228 - __main__ - INFO -  list_entry size: 100
2022-03-25 15:08:12,697 - __main__ - INFO -  list_entry size: 100
2022-03-25 15:08:12,954 - __main__ - INFO -  list_entry size: 100
2022-03-25 15:08:13,213 - __main__ - INFO -  list_entry size: 43
2022-03-25 15:08:13,381 - __main__ - INFO - push_kb_to_elastic
2022-03-25 15:08:13,382 - __main__ - INFO -  posting to engine: support-site
2022-03-25 15:08:13,382 - __main__ - INFO -  list_entry size: 51
2022-03-25 15:08:13,696 - __main__ - INFO - ***** job finish *****
2022-03-25 15:09:24,686 - __main__ - INFO - fetch_public_kb_articles
2022-03-25 15:09:27,499 - __main__ - INFO - ***** public KB articles fetched: 343.0
2022-03-25 15:09:27,499 - __main__ - INFO - *****  public_list size343
2022-03-25 15:09:27,499 - __main__ - INFO - fetch_customer_only_kb_articles
2022-03-25 15:09:28,174 - __main__ - INFO - ***** customer KB articles fetched: 51.0
2022-03-25 15:09:28,174 - __main__ - INFO - *****  customer_list size51
2022-03-25 15:09:28,174 - __main__ - INFO - format_kb_data locked=false
2022-03-25 15:09:28,174 - __main__ - INFO -  temp_list size: 100
2022-03-25 15:09:28,175 - __main__ - INFO -  temp_list size: 100
2022-03-25 15:09:28,175 - __main__ - INFO -  temp_list size: 100
2022-03-25 15:09:28,175 - __main__ - INFO - ***** size of final temp_list: 43
2022-03-25 15:09:28,175 - __main__ - INFO - kb_articles_list length 4
2022-03-25 15:09:28,175 - __main__ - INFO - format_kb_data locked=true
2022-03-25 15:09:28,175 - __main__ - INFO - ***** size of final temp_list: 51
2022-03-25 15:09:28,175 - __main__ - INFO - kb_articles_list length 1
2022-03-25 15:09:28,176 - __main__ - INFO - push_kb_to_elastic
2022-03-25 15:09:28,176 - __main__ - INFO -  posting to engine: support-site
2022-03-25 15:09:28,176 - __main__ - INFO -  list_entry size: 100
2022-03-25 15:09:28,670 - __main__ - INFO -  list_entry size: 100
2022-03-25 15:09:28,908 - __main__ - INFO -  list_entry size: 100
2022-03-25 15:09:29,166 - __main__ - INFO -  list_entry size: 43
2022-03-25 15:09:29,317 - __main__ - INFO - push_kb_to_elastic
2022-03-25 15:09:29,318 - __main__ - INFO -  posting to engine: support-site
2022-03-25 15:09:29,318 - __main__ - INFO -  list_entry size: 51
2022-03-25 15:09:29,733 - __main__ - INFO - ***** job finish *****
2022-04-04 11:28:41,656 - __main__ - INFO - fetch_public_kb_articles
2022-04-04 11:28:44,573 - __main__ - INFO - ***** public KB articles fetched: 346.0
2022-04-04 11:28:44,573 - __main__ - INFO - *****  public_list size346
2022-04-04 11:28:44,573 - __main__ - INFO - fetch_customer_only_kb_articles
2022-04-04 11:28:45,216 - __main__ - INFO - ***** customer KB articles fetched: 52.0
2022-04-04 11:28:45,216 - __main__ - INFO - *****  customer_list size52
2022-04-04 11:28:45,216 - __main__ - INFO - format_kb_data locked=false
2022-04-04 11:28:45,217 - __main__ - INFO -  temp_list size: 100
2022-04-04 11:28:45,217 - __main__ - INFO -  temp_list size: 100
2022-04-04 11:28:45,217 - __main__ - INFO -  temp_list size: 100
2022-04-04 11:28:45,217 - __main__ - INFO - ***** size of final temp_list: 46
2022-04-04 11:28:45,217 - __main__ - INFO - kb_articles_list length 4
2022-04-04 11:28:45,217 - __main__ - INFO - format_kb_data locked=true
2022-04-04 11:28:45,218 - __main__ - INFO - ***** size of final temp_list: 52
2022-04-04 11:28:45,218 - __main__ - INFO - kb_articles_list length 1
2022-04-04 11:28:45,218 - __main__ - INFO - push_kb_to_elastic
2022-04-04 11:28:45,218 - __main__ - INFO -  posting to engine: support-site
2022-04-04 11:28:45,218 - __main__ - INFO -  list_entry size: 100
2022-04-04 11:28:45,682 - __main__ - INFO -  list_entry size: 100
2022-04-04 11:28:45,918 - __main__ - INFO -  list_entry size: 100
2022-04-04 11:28:46,165 - __main__ - INFO -  list_entry size: 46
2022-04-04 11:28:46,305 - __main__ - INFO - push_kb_to_elastic
2022-04-04 11:28:46,305 - __main__ - INFO -  posting to engine: support-site
2022-04-04 11:28:46,306 - __main__ - INFO -  list_entry size: 52
2022-04-04 11:28:46,618 - __main__ - INFO - ***** job finish *****
2022-04-14 15:00:33,360 - __main__ - INFO - fetch_public_kb_articles
2022-04-14 15:00:36,433 - __main__ - INFO - ***** public KB articles fetched: 347.0
2022-04-14 15:00:36,433 - __main__ - INFO - *****  public_list size347
2022-04-14 15:00:36,433 - __main__ - INFO - fetch_customer_only_kb_articles
2022-04-14 15:00:37,241 - __main__ - INFO - ***** customer KB articles fetched: 52.0
2022-04-14 15:00:37,241 - __main__ - INFO - *****  customer_list size52
2022-04-14 15:00:37,241 - __main__ - INFO - format_kb_data locked=false
2022-04-14 15:00:37,241 - __main__ - INFO -  temp_list size: 100
2022-04-14 15:00:37,241 - __main__ - INFO -  temp_list size: 100
2022-04-14 15:00:37,242 - __main__ - INFO -  temp_list size: 100
2022-04-14 15:00:37,242 - __main__ - INFO - ***** size of final temp_list: 47
2022-04-14 15:00:37,242 - __main__ - INFO - kb_articles_list length 4
2022-04-14 15:00:37,242 - __main__ - INFO - format_kb_data locked=true
2022-04-14 15:00:37,242 - __main__ - INFO - ***** size of final temp_list: 52
2022-04-14 15:00:37,242 - __main__ - INFO - kb_articles_list length 1
2022-04-14 15:00:37,242 - __main__ - INFO - push_kb_to_elastic
2022-04-14 15:00:37,242 - __main__ - INFO -  posting to engine: support-site
2022-04-14 15:00:37,243 - __main__ - INFO -  list_entry size: 100
2022-04-14 15:00:37,705 - __main__ - INFO -  list_entry size: 100
2022-04-14 15:00:37,998 - __main__ - INFO -  list_entry size: 100
2022-04-14 15:00:38,255 - __main__ - INFO -  list_entry size: 47
2022-04-14 15:00:38,409 - __main__ - INFO - push_kb_to_elastic
2022-04-14 15:00:38,409 - __main__ - INFO -  posting to engine: support-site
2022-04-14 15:00:38,409 - __main__ - INFO -  list_entry size: 52
2022-04-14 15:00:38,718 - __main__ - INFO - ***** job finish *****
2022-05-03 09:58:19,737 - __main__ - INFO - fetch_public_kb_articles
2022-05-03 09:58:22,284 - __main__ - INFO - ***** public KB articles fetched: 348.0
2022-05-03 09:58:22,284 - __main__ - INFO - *****  public_list size348
2022-05-03 09:58:22,284 - __main__ - INFO - fetch_customer_only_kb_articles
2022-05-03 09:58:23,458 - __main__ - INFO - ***** customer KB articles fetched: 53.0
2022-05-03 09:58:23,458 - __main__ - INFO - *****  customer_list size53
2022-05-03 09:58:23,458 - __main__ - INFO - format_kb_data locked=false
2022-05-03 09:58:23,458 - __main__ - INFO -  temp_list size: 100
2022-05-03 09:58:23,459 - __main__ - INFO -  temp_list size: 100
2022-05-03 09:58:23,459 - __main__ - INFO -  temp_list size: 100
2022-05-03 09:58:23,459 - __main__ - INFO - ***** size of final temp_list: 48
2022-05-03 09:58:23,459 - __main__ - INFO - kb_articles_list length 4
2022-05-03 09:58:23,459 - __main__ - INFO - format_kb_data locked=true
2022-05-03 09:58:23,459 - __main__ - INFO - ***** size of final temp_list: 53
2022-05-03 09:58:23,459 - __main__ - INFO - kb_articles_list length 1
2022-05-03 09:58:23,460 - __main__ - INFO - push_kb_to_elastic
2022-05-03 09:58:23,460 - __main__ - INFO -  posting to engine: support-site
2022-05-03 09:58:23,460 - __main__ - INFO -  list_entry size: 100
2022-05-03 09:58:23,988 - __main__ - INFO -  list_entry size: 100
2022-05-03 09:58:24,253 - __main__ - INFO -  list_entry size: 100
2022-05-03 09:58:24,517 - __main__ - INFO -  list_entry size: 48
2022-05-03 09:58:24,690 - __main__ - INFO - push_kb_to_elastic
2022-05-03 09:58:24,691 - __main__ - INFO -  posting to engine: support-site
2022-05-03 09:58:24,691 - __main__ - INFO -  list_entry size: 53
2022-05-03 09:58:25,004 - __main__ - INFO - ***** job finish *****
2022-05-06 11:30:50,186 - __main__ - INFO - fetch_public_kb_articles
2022-05-06 11:30:52,617 - __main__ - INFO - ***** public KB articles fetched: 348.0
2022-05-06 11:30:52,617 - __main__ - INFO - *****  public_list size348
2022-05-06 11:30:52,617 - __main__ - INFO - fetch_customer_only_kb_articles
2022-05-06 11:30:53,224 - __main__ - INFO - ***** customer KB articles fetched: 53.0
2022-05-06 11:30:53,224 - __main__ - INFO - *****  customer_list size53
2022-05-06 11:30:53,224 - __main__ - INFO - format_kb_data locked=false
2022-05-06 11:30:53,224 - __main__ - INFO -  temp_list size: 100
2022-05-06 11:30:53,225 - __main__ - INFO -  temp_list size: 100
2022-05-06 11:30:53,225 - __main__ - INFO -  temp_list size: 100
2022-05-06 11:30:53,225 - __main__ - INFO - ***** size of final temp_list: 48
2022-05-06 11:30:53,225 - __main__ - INFO - kb_articles_list length 4
2022-05-06 11:30:53,225 - __main__ - INFO - format_kb_data locked=true
2022-05-06 11:30:53,225 - __main__ - INFO - ***** size of final temp_list: 53
2022-05-06 11:30:53,225 - __main__ - INFO - kb_articles_list length 1
2022-05-06 11:30:53,226 - __main__ - INFO - push_kb_to_elastic
2022-05-06 11:30:53,226 - __main__ - INFO -  posting to engine: support-site
2022-05-06 11:30:53,226 - __main__ - INFO -  list_entry size: 100
2022-05-06 11:30:53,900 - __main__ - INFO -  list_entry size: 100
2022-05-06 11:30:54,400 - __main__ - INFO -  list_entry size: 100
2022-05-06 11:30:54,899 - __main__ - INFO -  list_entry size: 48
2022-05-06 11:30:55,195 - __main__ - INFO - push_kb_to_elastic
2022-05-06 11:30:55,196 - __main__ - INFO -  posting to engine: support-site
2022-05-06 11:30:55,196 - __main__ - INFO -  list_entry size: 53
2022-05-06 11:30:55,628 - __main__ - INFO - ***** job finish *****
2022-05-09 18:33:49,305 - __main__ - INFO - fetch_public_kb_articles
2022-05-09 18:33:51,793 - __main__ - INFO - ***** public KB articles fetched: 348.0
2022-05-09 18:33:51,793 - __main__ - INFO - *****  public_list size348
2022-05-09 18:33:51,794 - __main__ - INFO - fetch_customer_only_kb_articles
2022-05-09 18:33:52,555 - __main__ - INFO - ***** customer KB articles fetched: 53.0
2022-05-09 18:33:52,555 - __main__ - INFO - *****  customer_list size53
2022-05-09 18:33:52,555 - __main__ - INFO - format_kb_data locked=false
2022-05-09 18:33:52,555 - __main__ - INFO -  temp_list size: 100
2022-05-09 18:33:52,555 - __main__ - INFO -  temp_list size: 100
2022-05-09 18:33:52,556 - __main__ - INFO -  temp_list size: 100
2022-05-09 18:33:52,556 - __main__ - INFO - ***** size of final temp_list: 48
2022-05-09 18:33:52,556 - __main__ - INFO - kb_articles_list length 4
2022-05-09 18:33:52,556 - __main__ - INFO - format_kb_data locked=true
2022-05-09 18:33:52,556 - __main__ - INFO - ***** size of final temp_list: 53
2022-05-09 18:33:52,556 - __main__ - INFO - kb_articles_list length 1
2022-05-09 18:33:52,556 - __main__ - INFO - push_kb_to_elastic
2022-05-09 18:33:52,557 - __main__ - INFO -  posting to engine: support-site
2022-05-09 18:33:52,557 - __main__ - INFO -  list_entry size: 100
2022-05-09 18:33:53,061 - __main__ - INFO -  list_entry size: 100
2022-05-09 18:33:53,322 - __main__ - INFO -  list_entry size: 100
2022-05-09 18:33:53,583 - __main__ - INFO -  list_entry size: 48
2022-05-09 18:33:53,743 - __main__ - INFO - push_kb_to_elastic
2022-05-09 18:33:53,743 - __main__ - INFO -  posting to engine: support-site
2022-05-09 18:33:53,744 - __main__ - INFO -  list_entry size: 53
2022-05-09 18:33:54,058 - __main__ - INFO - ***** job finish *****
2022-05-10 11:35:09,867 - __main__ - INFO - fetch_public_kb_articles
2022-05-10 11:35:13,109 - __main__ - INFO - ***** public KB articles fetched: 348.0
2022-05-10 11:35:13,109 - __main__ - INFO - *****  public_list size348
2022-05-10 11:35:13,109 - __main__ - INFO - fetch_customer_only_kb_articles
2022-05-10 11:35:13,951 - __main__ - INFO - ***** customer KB articles fetched: 53.0
2022-05-10 11:35:13,951 - __main__ - INFO - *****  customer_list size53
2022-05-10 11:35:13,951 - __main__ - INFO - format_kb_data locked=false
2022-05-10 11:35:13,952 - __main__ - INFO -  temp_list size: 100
2022-05-10 11:35:13,952 - __main__ - INFO -  temp_list size: 100
2022-05-10 11:35:13,952 - __main__ - INFO -  temp_list size: 100
2022-05-10 11:35:13,952 - __main__ - INFO - ***** size of final temp_list: 48
2022-05-10 11:35:13,952 - __main__ - INFO - kb_articles_list length 4
2022-05-10 11:35:13,952 - __main__ - INFO - format_kb_data locked=true
2022-05-10 11:35:13,953 - __main__ - INFO - ***** size of final temp_list: 53
2022-05-10 11:35:13,953 - __main__ - INFO - kb_articles_list length 1
2022-05-10 11:35:13,953 - __main__ - INFO - push_kb_to_elastic
2022-05-10 11:35:13,953 - __main__ - INFO -  posting to engine: support-site
2022-05-10 11:35:13,953 - __main__ - INFO -  list_entry size: 100
2022-05-10 11:35:14,608 - __main__ - INFO -  list_entry size: 100
2022-05-10 11:35:15,110 - __main__ - INFO -  list_entry size: 100
2022-05-10 11:35:15,510 - __main__ - INFO -  list_entry size: 48
2022-05-10 11:35:15,860 - __main__ - INFO - push_kb_to_elastic
2022-05-10 11:35:15,861 - __main__ - INFO -  posting to engine: support-site
2022-05-10 11:35:15,861 - __main__ - INFO -  list_entry size: 53
2022-05-10 11:35:16,304 - __main__ - INFO - ***** job finish *****
